Simple mixer control 'Master',0
  Capabilities: pvolume pswitch pswitch-joined
  Playback channels: Front Left - Front Right
  Limits: Playback 0 - 65536
  Mono:
  Front Left: Playback 46694 [71%] [off]
  Front Right: Playback 46694 [71%] [off]
Simple mixer control 'Master',0
  Capabilities: pvolume pswitch pswitch-joined
  Playback channels: Front Left - Front Right
  Limits: Playback 0 - 65536
  Mono:
  Front Left: Playback 46694 [71%] [off]
  Front Right: Playback 46694 [71%] [off]
Simple mixer control 'Master',0
  Capabilities: pvolume pswitch pswitch-joined
  Playback channels: Front Left - Front Right
  Limits: Playback 0 - 65536
  Mono:
  Front Left: Playback 49971 [76%] [off]
  Front Right: Playback 49971 [76%] [off]
Simple mixer control 'Master',0
  Capabilities: pvolume pswitch pswitch-joined
  Playback channels: Front Left - Front Right
  Limits: Playback 0 - 65536
  Mono:
  Front Left: Playback 49971 [76%] [on]
  Front Right: Playback 49971 [76%] [on]
